Arguments: 
  /Users/davidgarwacke/.nvm/versions/node/v8.5.0/bin/node /Users/davidgarwacke/.nvm/versions/node/v8.5.0/bin/yarn package-justify

PATH: 
  /Users/davidgarwacke/.rvm/gems/ruby-2.2.1/bin:/Users/davidgarwacke/.rvm/gems/ruby-2.2.1@global/bin:/Users/davidgarwacke/.rvm/rubies/ruby-2.2.1/bin:/Users/davidgarwacke/.nvm/versions/node/v8.5.0/bin:/Users/davidgarwacke/.yarn/bin:/usr/local/bin:/usr/bin:/bin:/usr/sbin:/sbin:/usr/local/go/bin:/Users/davidgarwacke/.rvm/bin

Yarn version: 
  1.5.1

Node version: 
  8.5.0

Platform: 
  darwin x64

npm manifest: 
  {
    "name": "package-justify",
    "version": "1.0.0",
    "main": "index.js",
    "license": "MIT"
  }

yarn manifest: 
  No manifest

Lockfile: 
  No lockfile

Trace: 
  Error: Command "package-justify" not found.
      at new MessageError (/Users/davidgarwacke/.nvm/versions/node/v8.5.0/lib/node_modules/yarn/lib/cli.js:186:110)
      at /Users/davidgarwacke/.nvm/versions/node/v8.5.0/lib/node_modules/yarn/lib/cli.js:87307:17
      at Generator.next (<anonymous>)
      at step (/Users/davidgarwacke/.nvm/versions/node/v8.5.0/lib/node_modules/yarn/lib/cli.js:98:30)
      at /Users/davidgarwacke/.nvm/versions/node/v8.5.0/lib/node_modules/yarn/lib/cli.js:116:14
      at Promise (<anonymous>)
      at F (/Users/davidgarwacke/.nvm/versions/node/v8.5.0/lib/node_modules/yarn/lib/cli.js:23451:28)
      at /Users/davidgarwacke/.nvm/versions/node/v8.5.0/lib/node_modules/yarn/lib/cli.js:95:12
      at runCommand (/Users/davidgarwacke/.nvm/versions/node/v8.5.0/lib/node_modules/yarn/lib/cli.js:87312:22)
      at Object.<anonymous> (/Users/davidgarwacke/.nvm/versions/node/v8.5.0/lib/node_modules/yarn/lib/cli.js:87412:14)
